{
  "RSpec": {
    "coverage": {
      "/Users/jessielonsdale/bank-tech-test/spec/bank_account_spec.rb": [
        1,
        1,
        null,
        2,
        2,
        11,
        null,
        1,
        1,
        null,
        null,
        1,
        1,
        null,
        null,
        1,
        null,
        1,
        1,
        1,
        null,
        null,
        1,
        2,
        null,
        null,
        1,
        2,
        null,
        null,
        null,
        null,
        1,
        null,
        1,
        1,
        1,
        1,
        null,
        null,
        1,
        1,
        2,
        null,
        null,
        1,
        2,
        null,
        null,
        1,
        1,
        2,
        null,
        null,
        null,
        null,
        1,
        null,
        1,
        1,
        1,
        null,
        null,
        null
      ],
      "/Users/jessielonsdale/bank-tech-test/lib/bank_account.rb": [
        1,
        1,
        null,
        null,
        1,
        null,
        1,
        null,
        1,
        10,
        10,
        10,
        null,
        null,
        1,
        6,
        4,
        4,
        null,
        null,
        1,
        4,
        2,
        1,
        1,
        null,
        null,
        1,
        1,
        null,
        null,
        1,
        null,
        1,
        5,
        5,
        null,
        null,
        1,
        4,
        10,
        18,
        null,
        null,
        1,
        2,
        null,
        null
      ],
      "/Users/jessielonsdale/bank-tech-test/lib/bank_history.rb": [
        null,
        null,
        1,
        1,
        null,
        1,
        9,
        9,
        9,
        9,
        null,
        null
      ],
      "/Users/jessielonsdale/bank-tech-test/lib/bank_printer.rb": [
        null,
        null,
        1,
        null,
        1,
        1,
        1,
        2,
        2,
        1,
        null,
        1,
        null,
        2,
        null,
        1,
        null,
        null
      ],
      "/Users/jessielonsdale/bank-tech-test/spec/bank_history_spec.rb": [
        1,
        1,
        null,
        5,
        null,
        1,
        1,
        1,
        null,
        null,
        1,
        1,
        null,
        null,
        1,
        1,
        null,
        null,
        1,
        1,
        null,
        null
      ],
      "/Users/jessielonsdale/bank-tech-test/spec/bank_printer_spec.rb": [
        1,
        1,
        null,
        2,
        2,
        null,
        1,
        1,
        null,
        null,
        null,
        null
      ]
    },
    "timestamp": 1574156806
  }
}
